C:\Program Files (x86)\Microsoft Visual Studio\2019\Community\MSBuild\Microsoft\VC\v160\Microsoft.CppBuild.targets(498,5): warning MSB8004: El directorio Intermediate no termina con una barra diagonal final. Esta instancia de compilación agregará la barra diagonal porque es necesaria para que se pueda evaluar correctamente el directorio Intermediate.
C:\Program Files (x86)\Microsoft Visual Studio\2019\Community\MSBuild\Microsoft\VC\v160\Microsoft.CppBuild.targets(499,5): warning MSB8004: El directorio Output no termina con una barra diagonal final. Esta instancia de compilación agregará la barra diagonal porque es necesaria para que se pueda evaluar correctamente el directorio Output.
  Main.cpp
C:\Users\DEDSComputacion\source\repos\Raylib\Raylib\Main.cpp(1,10): warning C4067: símbolos (token) inesperados después de la directiva del preprocesador; se esperaba una nueva línea
C:\Users\DEDSComputacion\source\repos\Raylib\Raylib\Main.cpp(70,39): warning C4244: 'argumento': conversión de 'int' a 'float'; posible pérdida de datos
C:\Users\DEDSComputacion\source\repos\Raylib\Raylib\Main.cpp(104,21): warning C4244: '=': conversión de 'int' a 'float'; posible pérdida de datos
C:\Users\DEDSComputacion\source\repos\Raylib\Raylib\Main.cpp(105,47): warning C4244: '=': conversión de 'int' a 'float'; posible pérdida de datos
C:\Users\DEDSComputacion\source\repos\Raylib\Raylib\Main.cpp(106,48): warning C4244: '=': conversión de 'int' a 'float'; posible pérdida de datos
C:\Users\DEDSComputacion\source\repos\Raylib\Raylib\Main.cpp(107,41): warning C4244: '=': conversión de 'int' a 'float'; posible pérdida de datos
C:\Users\DEDSComputacion\source\repos\Raylib\Raylib\Main.cpp(108,42): warning C4244: '=': conversión de 'int' a 'float'; posible pérdida de datos
C:\Users\DEDSComputacion\source\repos\Raylib\Raylib\Main.cpp(114,21): warning C4244: '=': conversión de 'int' a 'float'; posible pérdida de datos
C:\Users\DEDSComputacion\source\repos\Raylib\Raylib\Main.cpp(115,47): warning C4244: '=': conversión de 'int' a 'float'; posible pérdida de datos
C:\Users\DEDSComputacion\source\repos\Raylib\Raylib\Main.cpp(116,48): warning C4244: '=': conversión de 'int' a 'float'; posible pérdida de datos
C:\Users\DEDSComputacion\source\repos\Raylib\Raylib\Main.cpp(117,41): warning C4244: '=': conversión de 'int' a 'float'; posible pérdida de datos
C:\Users\DEDSComputacion\source\repos\Raylib\Raylib\Main.cpp(118,42): warning C4244: '=': conversión de 'int' a 'float'; posible pérdida de datos
C:\Users\DEDSComputacion\source\repos\Raylib\Raylib\Main.cpp(186,50): warning C4244: 'argumento': conversión de 'int' a 'float'; posible pérdida de datos
  Generando código
  Previous IPDB and IOBJ mismatch, fall back to full compilation.
  All 1364 functions were compiled because no usable IPDB/IOBJ from previous compilation was found.
  Generación de código finalizada
raylib.lib(core.obj) : warning LNK4099: no se encontró PDB 'raylib.pdb' con 'raylib.lib(core.obj)' o en 'C:\Users\DEDSComputacion\source\repos\Raylib\bin\Win32\Release\raylib.pdb'; se vinculará el objeto sin tener en cuenta información de depuración
raylib.lib(shapes.obj) : warning LNK4099: no se encontró PDB 'raylib.pdb' con 'raylib.lib(shapes.obj)' o en 'C:\Users\DEDSComputacion\source\repos\Raylib\bin\Win32\Release\raylib.pdb'; se vinculará el objeto sin tener en cuenta información de depuración
raylib.lib(text.obj) : warning LNK4099: no se encontró PDB 'raylib.pdb' con 'raylib.lib(text.obj)' o en 'C:\Users\DEDSComputacion\source\repos\Raylib\bin\Win32\Release\raylib.pdb'; se vinculará el objeto sin tener en cuenta información de depuración
raylib.lib(raudio.obj) : warning LNK4099: no se encontró PDB 'raylib.pdb' con 'raylib.lib(raudio.obj)' o en 'C:\Users\DEDSComputacion\source\repos\Raylib\bin\Win32\Release\raylib.pdb'; se vinculará el objeto sin tener en cuenta información de depuración
raylib.lib(rglfw.obj) : warning LNK4099: no se encontró PDB 'raylib.pdb' con 'raylib.lib(rglfw.obj)' o en 'C:\Users\DEDSComputacion\source\repos\Raylib\bin\Win32\Release\raylib.pdb'; se vinculará el objeto sin tener en cuenta información de depuración
raylib.lib(utils.obj) : warning LNK4099: no se encontró PDB 'raylib.pdb' con 'raylib.lib(utils.obj)' o en 'C:\Users\DEDSComputacion\source\repos\Raylib\bin\Win32\Release\raylib.pdb'; se vinculará el objeto sin tener en cuenta información de depuración
raylib.lib(textures.obj) : warning LNK4099: no se encontró PDB 'raylib.pdb' con 'raylib.lib(textures.obj)' o en 'C:\Users\DEDSComputacion\source\repos\Raylib\bin\Win32\Release\raylib.pdb'; se vinculará el objeto sin tener en cuenta información de depuración
  Raylib.vcxproj -> C:\Users\DEDSComputacion\source\repos\Raylib\bin\Win32\Release\Raylib.exe
