C:\Program Files (x86)\Microsoft Visual Studio\2019\Community\MSBuild\Microsoft\VC\v160\Microsoft.CppBuild.targets(498,5): warning MSB8004: El directorio Intermediate no termina con una barra diagonal final. Esta instancia de compilación agregará la barra diagonal porque es necesaria para que se pueda evaluar correctamente el directorio Intermediate.
C:\Program Files (x86)\Microsoft Visual Studio\2019\Community\MSBuild\Microsoft\VC\v160\Microsoft.CppBuild.targets(499,5): warning MSB8004: El directorio Output no termina con una barra diagonal final. Esta instancia de compilación agregará la barra diagonal porque es necesaria para que se pueda evaluar correctamente el directorio Output.
  Main.cpp
C:\Users\DEDSComputacion\source\repos\Raylib\Raylib\Main.cpp(1,10): warning C4067: símbolos (token) inesperados después de la directiva del preprocesador; se esperaba una nueva línea
C:\Users\DEDSComputacion\source\repos\Raylib\Raylib\Main.cpp(71,39): warning C4244: 'argumento': conversión de 'int' a 'float'; posible pérdida de datos
C:\Users\DEDSComputacion\source\repos\Raylib\Raylib\Main.cpp(111,21): warning C4244: '=': conversión de 'int' a 'float'; posible pérdida de datos
C:\Users\DEDSComputacion\source\repos\Raylib\Raylib\Main.cpp(112,47): warning C4244: '=': conversión de 'int' a 'float'; posible pérdida de datos
C:\Users\DEDSComputacion\source\repos\Raylib\Raylib\Main.cpp(113,48): warning C4244: '=': conversión de 'int' a 'float'; posible pérdida de datos
C:\Users\DEDSComputacion\source\repos\Raylib\Raylib\Main.cpp(114,41): warning C4244: '=': conversión de 'int' a 'float'; posible pérdida de datos
C:\Users\DEDSComputacion\source\repos\Raylib\Raylib\Main.cpp(115,42): warning C4244: '=': conversión de 'int' a 'float'; posible pérdida de datos
C:\Users\DEDSComputacion\source\repos\Raylib\Raylib\Main.cpp(121,21): warning C4244: '=': conversión de 'int' a 'float'; posible pérdida de datos
C:\Users\DEDSComputacion\source\repos\Raylib\Raylib\Main.cpp(122,47): warning C4244: '=': conversión de 'int' a 'float'; posible pérdida de datos
C:\Users\DEDSComputacion\source\repos\Raylib\Raylib\Main.cpp(123,48): warning C4244: '=': conversión de 'int' a 'float'; posible pérdida de datos
C:\Users\DEDSComputacion\source\repos\Raylib\Raylib\Main.cpp(124,41): warning C4244: '=': conversión de 'int' a 'float'; posible pérdida de datos
C:\Users\DEDSComputacion\source\repos\Raylib\Raylib\Main.cpp(125,42): warning C4244: '=': conversión de 'int' a 'float'; posible pérdida de datos
C:\Users\DEDSComputacion\source\repos\Raylib\Raylib\Main.cpp(193,50): warning C4244: 'argumento': conversión de 'int' a 'float'; posible pérdida de datos
  raylib.lib(core.obj) : se encontró .netmodule MSIL o un módulo compilado con /GL; reiniciando la vinculación con /LTCG; agregue /LTCG a la línea de comandos de vínculo para mejorar el rendimiento del vinculador
LINK : warning LNK4075: se omite '/INCREMENTAL' debido a la especificación '/LTCG'
LINK : warning LNK4098: la biblioteca predeterminada'MSVCRT' entra en conflicto con otras bibliotecas; use la biblioteca /NODEFAULTLIB:biblioteca
  Generando código
  Generación de código finalizada
raylib.lib(core.obj) : warning LNK4099: no se encontró PDB 'raylib.pdb' con 'raylib.lib(core.obj)' o en 'C:\Users\DEDSComputacion\source\repos\Raylib\bin\Win32\Debug\raylib.pdb'; se vinculará el objeto sin tener en cuenta información de depuración
raylib.lib(shapes.obj) : warning LNK4099: no se encontró PDB 'raylib.pdb' con 'raylib.lib(shapes.obj)' o en 'C:\Users\DEDSComputacion\source\repos\Raylib\bin\Win32\Debug\raylib.pdb'; se vinculará el objeto sin tener en cuenta información de depuración
raylib.lib(text.obj) : warning LNK4099: no se encontró PDB 'raylib.pdb' con 'raylib.lib(text.obj)' o en 'C:\Users\DEDSComputacion\source\repos\Raylib\bin\Win32\Debug\raylib.pdb'; se vinculará el objeto sin tener en cuenta información de depuración
raylib.lib(raudio.obj) : warning LNK4099: no se encontró PDB 'raylib.pdb' con 'raylib.lib(raudio.obj)' o en 'C:\Users\DEDSComputacion\source\repos\Raylib\bin\Win32\Debug\raylib.pdb'; se vinculará el objeto sin tener en cuenta información de depuración
raylib.lib(rglfw.obj) : warning LNK4099: no se encontró PDB 'raylib.pdb' con 'raylib.lib(rglfw.obj)' o en 'C:\Users\DEDSComputacion\source\repos\Raylib\bin\Win32\Debug\raylib.pdb'; se vinculará el objeto sin tener en cuenta información de depuración
raylib.lib(utils.obj) : warning LNK4099: no se encontró PDB 'raylib.pdb' con 'raylib.lib(utils.obj)' o en 'C:\Users\DEDSComputacion\source\repos\Raylib\bin\Win32\Debug\raylib.pdb'; se vinculará el objeto sin tener en cuenta información de depuración
raylib.lib(textures.obj) : warning LNK4099: no se encontró PDB 'raylib.pdb' con 'raylib.lib(textures.obj)' o en 'C:\Users\DEDSComputacion\source\repos\Raylib\bin\Win32\Debug\raylib.pdb'; se vinculará el objeto sin tener en cuenta información de depuración
  Raylib.vcxproj -> C:\Users\DEDSComputacion\source\repos\Raylib\bin\Win32\Debug\Raylib.exe
